<?xml version="1.0" encoding="UTF-8"?>
<!-- Generated by org.testng.reporters.JUnitReportReporter -->
<testsuite skipped="1" hostname="DESKTOP-7BN1PCM" name="tests.RPoolTest" tests="1" failures="0" timestamp="07 Aug 2020 11:49:53 GMT" time="3.627" errors="0">
  <testcase name="clickRPoolNewTab" time="3.627" classname="tests.RPoolTest">
    <skipped/>
  </testcase> <!-- clickRPoolNewTab -->
</testsuite> <!-- tests.RPoolTest -->
