<?xml version="1.0" encoding="UTF-8"?>
<!-- Generated by org.testng.reporters.JUnitReportReporter -->
<testsuite skipped="0" hostname="DESKTOP-7BN1PCM" name="tests.PilTest" tests="1" failures="0" timestamp="07 Aug 2020 11:49:53 GMT" time="25.285" errors="0">
  <testcase name="bookTicketForRedBusPil" time="25.285" classname="tests.PilTest"/>
</testsuite> <!-- tests.PilTest -->
