<?xml version="1.0" encoding="UTF-8"?>
<!-- Generated by org.testng.reporters.JUnitReportReporter -->
<testsuite skipped="0" hostname="DESKTOP-7BN1PCM" name="tests.BusHireTest" tests="2" failures="0" timestamp="18 Jul 2020 10:51:40 GMT" time="18.218" errors="0">
  <testcase name="getBusHirepageTitle" time="6.227" classname="tests.BusHireTest"/>
  <testcase name="BusHireclick" time="11.991" classname="tests.BusHireTest"/>
</testsuite> <!-- tests.BusHireTest -->
