<?xml version="1.0" encoding="UTF-8"?>
<!-- Generated by org.testng.reporters.JUnitReportReporter -->
<testsuite skipped="0" hostname="DESKTOP-7BN1PCM" name="tests.PilTest" tests="1" failures="0" timestamp="08 Aug 2020 18:52:36 GMT" time="24.846" errors="0">
  <testcase name="bookTicketForRedBusPil" time="24.846" classname="tests.PilTest"/>
</testsuite> <!-- tests.PilTest -->
