<?xml version="1.0" encoding="UTF-8"?>
<!-- Generated by org.testng.reporters.JUnitReportReporter -->
<testsuite skipped="0" hostname="DESKTOP-7BN1PCM" name="tests.RedBusHomePageTest" tests="2" failures="0" timestamp="08 Aug 2020 18:52:36 GMT" time="22.237" errors="0">
  <testcase name="bookTicketforRedBus" time="19.556" classname="tests.RedBusHomePageTest"/>
  <testcase name="getTitleHomePage" time="2.681" classname="tests.RedBusHomePageTest"/>
</testsuite> <!-- tests.RedBusHomePageTest -->
